<?xml version='1.0' encoding='UTF-8'?>
<testsuites tests="1" failures="0" errors="0" skipped="0" time="4.144"><testsuite name="Root Suite" timestamp="2023-08-24T12:44:24" tests="0" file="cypress/e2e/Ventes/Countries.cy.js" time="0" failures="0" errors="0" skipped="0">
  </testsuite>
  <testsuite name="Countries" timestamp="2023-08-24T12:44:24" tests="1" time="4.144" failures="0" errors="0" skipped="0">
    <testcase name="Countries Get Countries" time="4.144" classname="Get Countries">
    </testcase>
  </testsuite>
</testsuites>