<?xml version='1.0' encoding='UTF-8'?>
<testsuites tests="9" failures="0" errors="0" skipped="0" time="16.355"><testsuite name="Root Suite" timestamp="2023-08-24T09:58:06" tests="0" file="cypress/e2e/Ventes/Clients.cy.js" time="0" failures="0" errors="0" skipped="0">
  </testsuite>
  <testsuite name="Clients" timestamp="2023-08-24T09:58:06" tests="9" time="16.355" failures="0" errors="0" skipped="0">
    <testcase name="Clients Get_ExportClients_Excel Separtor COMMA 200" time="8.416" classname="Get_ExportClients_Excel Separtor COMMA 200">
    </testcase>
    <testcase name="Clients Get_ExportClients_Excel 200" time="0.974" classname="Get_ExportClients_Excel 200">
    </testcase>
    <testcase name="Clients Get_ExportClients_Excel exportFile 403" time="0.791" classname="Get_ExportClients_Excel exportFile 403">
    </testcase>
    <testcase name="Clients Client registration France 201" time="2.396" classname="Client registration France 201">
    </testcase>
    <testcase name="Clients Client registration without_contact_email" time="0.495" classname="Client registration without_contact_email">
    </testcase>
    <testcase name="Clients Client registration without_contact_city" time="0.297" classname="Client registration without_contact_city">
    </testcase>
    <testcase name="Clients Client registration Clients_TOKEN_NOK" time="0.294" classname="Client registration Clients_TOKEN_NOK">
    </testcase>
    <testcase name="Clients Get_Client " time="2.250" classname="Get_Client ">
    </testcase>
    <testcase name="Clients Get_Client List " time="0.442" classname="Get_Client List ">
    </testcase>
  </testsuite>
</testsuites>