<?xml version='1.0' encoding='UTF-8'?>
<testsuites tests="2" failures="0" errors="0" skipped="0" time="5.059"><testsuite name="Root Suite" timestamp="2023-08-24T12:55:42" tests="0" file="cypress/e2e/Ventes/DownloadImportModel.cy.js" time="0" failures="0" errors="0" skipped="0">
  </testsuite>
  <testsuite name="DownloadImportModel" timestamp="2023-08-24T12:55:43" tests="2" time="5.059" failures="0" errors="0" skipped="0">
    <testcase name="DownloadImportModel Get download-import-model CLIENTS" time="4.436" classname="Get download-import-model CLIENTS">
    </testcase>
    <testcase name="DownloadImportModel Get download-import-model ARTICLES" time="0.623" classname="Get download-import-model ARTICLES">
    </testcase>
  </testsuite>
</testsuites>