<?xml version="1.0" encoding="UTF-8"?>
<testsuites name="Mocha Tests" time="2.797" tests="2" failures="0">
  <testsuite name="Root Suite" timestamp="2023-08-15T13:58:06" tests="0" file="cypress/e2e/Ventes/DownloadImportModel.cy.js" time="0.000" failures="0">
  </testsuite>
  <testsuite name="download-import-model" timestamp="2023-08-15T13:58:06" tests="2" time="2.760" failures="0">
    <testcase name="download-import-model Get download-import-model CLIENTS" time="2.384" classname="Get download-import-model CLIENTS">
    </testcase>
    <testcase name="download-import-model Get download-import-model ARTICLES" time="0.397" classname="Get download-import-model ARTICLES">
    </testcase>
  </testsuite>
</testsuites>