<?xml version="1.0" encoding="UTF-8"?>
<testsuites name="Mocha Tests" time="2.983" tests="2" failures="0">
  <testsuite name="Root Suite" timestamp="2023-08-17T10:39:54" tests="0" file="cypress/e2e/Ventes/DownloadImportModel.cy.js" time="0.000" failures="0">
  </testsuite>
  <testsuite name="download-import-model" timestamp="2023-08-17T10:39:54" tests="2" time="2.935" failures="0">
    <testcase name="download-import-model Get download-import-model CLIENTS" time="2.437" classname="Get download-import-model CLIENTS">
    </testcase>
    <testcase name="download-import-model Get download-import-model ARTICLES" time="0.484" classname="Get download-import-model ARTICLES">
    </testcase>
  </testsuite>
</testsuites>