<?xml version="1.0" encoding="UTF-8"?>
<testsuites name="Mocha Tests" time="4.823" tests="1" failures="0">
  <testsuite name="Root Suite" timestamp="2023-08-16T18:30:44" tests="0" file="cypress/e2e/Ventes/Countries.cy.js" time="0.000" failures="0">
  </testsuite>
  <testsuite name="Countries" timestamp="2023-08-16T18:30:44" tests="1" time="4.729" failures="0">
    <testcase name="Countries Get Countries" time="3.720" classname="Get Countries">
    </testcase>
  </testsuite>
</testsuites>