<?xml version="1.0" encoding="UTF-8"?>
<testsuites name="Mocha Tests" time="3.004" tests="1" failures="0">
  <testsuite name="Root Suite" timestamp="2023-08-16T10:02:48" tests="0" file="cypress/e2e/Ventes/Winsis_Settings.cy.js" time="0.000" failures="0">
  </testsuite>
  <testsuite name="Sales" timestamp="2023-08-16T10:02:48" tests="1" time="2.966" failures="0">
    <testcase name="Sales Get Winsis Settings" time="2.976" classname="Get Winsis Settings">
    </testcase>
  </testsuite>
</testsuites>