<?xml version="1.0" encoding="UTF-8"?>
<testsuites name="Mocha Tests" time="4.847" tests="2" failures="0">
  <testsuite name="Root Suite" timestamp="2023-08-24T12:45:34" tests="0" file="cypress/e2e/Ventes/DownloadImportModel.cy.js" time="0.000" failures="0">
  </testsuite>
  <testsuite name="DownloadImportModel" timestamp="2023-08-24T12:45:34" tests="2" time="4.813" failures="0">
    <testcase name="DownloadImportModel Get download-import-model CLIENTS" time="4.270" classname="Get download-import-model CLIENTS">
    </testcase>
    <testcase name="DownloadImportModel Get download-import-model ARTICLES" time="0.553" classname="Get download-import-model ARTICLES">
    </testcase>
  </testsuite>
</testsuites>