<?xml version="1.0" encoding="UTF-8"?>
<testsuites name="Mocha Tests" time="6.873" tests="5" failures="2">
  <testsuite name="Root Suite" timestamp="2023-08-17T19:27:08" tests="0" file="cypress/e2e/Achats/SupplierFamily.cy.js" time="0.000" failures="0">
  </testsuite>
  <testsuite name="Suppliers Family" timestamp="2023-08-17T19:27:08" tests="5" time="6.782" failures="2">
    <testcase name="Suppliers Family Post Supplier Family 201" time="3.671" classname="Post Supplier Family 201">
    </testcase>
    <testcase name="Suppliers Family Get Supplier Family  200" time="0.000" classname="Get Supplier Family  200">
      <failure message="expected 405 to equal 200" type="AssertionError"><![CDATA[AssertionError: expected 405 to equal 200
    at Context.eval (webpack://api/./cypress/e2e/Achats/SupplierFamily.cy.js:52:43)

      + expected - actual

      -405
      +200
      ]]></failure>
    </testcase>
    <testcase name="Suppliers Family Get List Supplier Family 200" time="0.437" classname="Get List Supplier Family 200">
    </testcase>
    <testcase name="Suppliers Family Get Export Supplier Family 200" time="0.000" classname="Get Export Supplier Family 200">
      <failure message="expected 405 to equal 200" type="AssertionError"><![CDATA[AssertionError: expected 405 to equal 200
    at Context.eval (webpack://api/./cypress/e2e/Achats/SupplierFamily.cy.js:80:39)

      + expected - actual

      -405
      +200
      ]]></failure>
    </testcase>
    <testcase name="Suppliers Family Delete  Supplier Family 200" time="1.579" classname="Delete  Supplier Family 200">
    </testcase>
  </testsuite>
</testsuites>