<?xml version="1.0" encoding="UTF-8"?>
<testsuites name="Mocha Tests" time="4.324" tests="5" failures="5">
  <testsuite name="Root Suite" timestamp="2023-08-16T10:00:00" tests="0" file="cypress/e2e/Achats/SuppliersMetrics.cy.js" time="0.000" failures="0">
  </testsuite>
  <testsuite name="Suppliers Metrics" timestamp="2023-08-16T10:00:00" tests="5" time="4.287" failures="5">
    <testcase name="Suppliers Metrics Get total amount of invoices associated to a supplier by exercise month" time="0.000" classname="Get total amount of invoices associated to a supplier by exercise month">
      <failure message="expected 404 to equal 200" type="AssertionError"><![CDATA[AssertionError: expected 404 to equal 200
    at Context.eval (webpack:///./cypress/e2e/Achats/SuppliersMetrics.cy.js:39:35)

      + expected - actual

      -404
      +200
      ]]></failure>
    </testcase>
    <testcase name="Suppliers Metrics Get total amount of invoices associated to a supplier by exercise year" time="0.000" classname="Get total amount of invoices associated to a supplier by exercise year">
      <failure message="expected 404 to equal 200" type="AssertionError"><![CDATA[AssertionError: expected 404 to equal 200
    at Context.eval (webpack:///./cypress/e2e/Achats/SuppliersMetrics.cy.js:57:35)

      + expected - actual

      -404
      +200
      ]]></failure>
    </testcase>
    <testcase name="Suppliers Metrics Get total amount of invoices associated to a supplier by civil year (monthly)" time="0.000" classname="Get total amount of invoices associated to a supplier by civil year (monthly)">
      <failure message="expected 404 to equal 200" type="AssertionError"><![CDATA[AssertionError: expected 404 to equal 200
    at Context.eval (webpack:///./cypress/e2e/Achats/SuppliersMetrics.cy.js:71:35)

      + expected - actual

      -404
      +200
      ]]></failure>
    </testcase>
    <testcase name="Suppliers Metrics Get total amount of invoices associated to a supplier by civil year (January 1st to December 31st)" time="0.000" classname="Get total amount of invoices associated to a supplier by civil year (January 1st to December 31st)">
      <failure message="expected 404 to equal 200" type="AssertionError"><![CDATA[AssertionError: expected 404 to equal 200
    at Context.eval (webpack:///./cypress/e2e/Achats/SuppliersMetrics.cy.js:83:35)

      + expected - actual

      -404
      +200
      ]]></failure>
    </testcase>
    <testcase name="Suppliers Metrics Get total amount of invoices of the suppliers for the last 12 months" time="0.000" classname="Get total amount of invoices of the suppliers for the last 12 months">
      <failure message="expected 404 to equal 200" type="AssertionError"><![CDATA[AssertionError: expected 404 to equal 200
    at Context.eval (webpack:///./cypress/e2e/Achats/SuppliersMetrics.cy.js:96:35)

      + expected - actual

      -404
      +200
      ]]></failure>
    </testcase>
  </testsuite>
</testsuites>