<?xml version="1.0" encoding="UTF-8"?>
<testsuites name="Mocha Tests" time="16.428" tests="9" failures="0">
  <testsuite name="Root Suite" timestamp="2023-08-24T12:44:53" tests="0" file="cypress/e2e/Ventes/Clients.cy.js" time="0.000" failures="0">
  </testsuite>
  <testsuite name="Clients" timestamp="2023-08-24T12:44:53" tests="9" time="16.391" failures="0">
    <testcase name="Clients Get_ExportClients_Excel_Separtor COMMA 200" time="8.180" classname="Get_ExportClients_Excel_Separtor COMMA 200">
    </testcase>
    <testcase name="Clients Get_ExportClients_Excel 200" time="0.938" classname="Get_ExportClients_Excel 200">
    </testcase>
    <testcase name="Clients Get_ExportClients_Excel_exportFile 403" time="0.877" classname="Get_ExportClients_Excel_exportFile 403">
    </testcase>
    <testcase name="Clients Client registration France 201" time="2.357" classname="Client registration France 201">
    </testcase>
    <testcase name="Clients Client registration without_contact_email" time="0.407" classname="Client registration without_contact_email">
    </testcase>
    <testcase name="Clients Client registration without_contact_city" time="0.402" classname="Client registration without_contact_city">
    </testcase>
    <testcase name="Clients Client registration Clients_TOKEN_NOK" time="0.408" classname="Client registration Clients_TOKEN_NOK">
    </testcase>
    <testcase name="Clients Get_Client_200" time="2.252" classname="Get_Client_200">
    </testcase>
    <testcase name="Clients Get_Client List " time="0.473" classname="Get_Client List ">
    </testcase>
  </testsuite>
</testsuites>