<?xml version="1.0" encoding="UTF-8"?>
<testsuites name="Mocha Tests" time="5.849" tests="5" failures="0">
  <testsuite name="Root Suite" timestamp="2023-08-15T13:55:52" tests="0" file="cypress/e2e/Achats/Validations.cy.js" time="0.000" failures="0">
  </testsuite>
  <testsuite name="Validations" timestamp="2023-08-15T13:55:52" tests="5" time="5.808" failures="0">
    <testcase name="Validations Invoices Validations Summary" time="2.279" classname="Invoices Validations Summary">
    </testcase>
    <testcase name="Validations Get a list of invoices validations" time="0.450" classname="Get a list of invoices validations">
    </testcase>
    <testcase name="Validations Export validations Excel" time="1.052" classname="Export validations Excel">
    </testcase>
    <testcase name="Validations Export validations CSV COMMA" time="0.941" classname="Export validations CSV COMMA">
    </testcase>
    <testcase name="Validations Export validations CSV SEMICOLON" time="0.945" classname="Export validations CSV SEMICOLON">
    </testcase>
  </testsuite>
</testsuites>