<?xml version="1.0" encoding="UTF-8"?>
<testsuites name="Mocha Tests" time="6.405" tests="7" failures="0">
  <testsuite name="Root Suite" timestamp="2023-08-15T13:58:25" tests="0" file="cypress/e2e/Ventes/ValueRange.cy.js" time="0.000" failures="0">
  </testsuite>
  <testsuite name="Countries" timestamp="2023-08-15T13:58:25" tests="7" time="6.369" failures="0">
    <testcase name="Countries Get Value Range Quotes AMOUNT_TTC" time="3.134" classname="Get Value Range Quotes AMOUNT_TTC">
    </testcase>
    <testcase name="Countries Get Value Range INVOICES AMOUNT_TTC" time="1.016" classname="Get Value Range INVOICES AMOUNT_TTC">
    </testcase>
    <testcase name="Countries Get Value Range ARTICLES AMOUNT_TTC" time="1.020" classname="Get Value Range ARTICLES AMOUNT_TTC">
    </testcase>
    <testcase name="Countries Get Value Range CHECKS AMOUNT_TTC" time="0.307" classname="Get Value Range CHECKS AMOUNT_TTC">
    </testcase>
    <testcase name="Countries Get Value Range ARTICLE_FAMILIES ARTICLES_QTY" time="0.290" classname="Get Value Range ARTICLE_FAMILIES ARTICLES_QTY">
    </testcase>
    <testcase name="Countries Get Value Range CLIENT_FAMILIES ARTICLE CLIENTS_QTY" time="0.316" classname="Get Value Range CLIENT_FAMILIES ARTICLE CLIENTS_QTY">
    </testcase>
    <testcase name="Countries Get Value Range RECURRENCES  AMOUNT_TTC" time="0.288" classname="Get Value Range RECURRENCES  AMOUNT_TTC">
    </testcase>
  </testsuite>
</testsuites>