<?xml version="1.0" encoding="UTF-8"?>
<testsuites name="Mocha Tests" time="3.405" tests="1" failures="0">
  <testsuite name="Root Suite" timestamp="2023-08-15T13:58:35" tests="0" file="cypress/e2e/Ventes/Winsis_Settings.cy.js" time="0.000" failures="0">
  </testsuite>
  <testsuite name="Sales" timestamp="2023-08-15T13:58:35" tests="1" time="3.348" failures="0">
    <testcase name="Sales Get Winsis Settings" time="3.379" classname="Get Winsis Settings">
    </testcase>
  </testsuite>
</testsuites>