<?xml version="1.0" encoding="UTF-8"?>
<testsuites name="Mocha Tests" time="3.487" tests="1" failures="0">
  <testsuite name="Root Suite" timestamp="2023-08-16T10:02:12" tests="0" file="cypress/e2e/Ventes/Countries.cy.js" time="0.000" failures="0">
  </testsuite>
  <testsuite name="Countries" timestamp="2023-08-16T10:02:12" tests="1" time="3.452" failures="0">
    <testcase name="Countries Get Countries" time="3.059" classname="Get Countries">
    </testcase>
  </testsuite>
</testsuites>