<?xml version="1.0" encoding="UTF-8"?>
<testsuites name="Mocha Tests" time="10.867" tests="9" failures="0" skipped="3">
  <testsuite name="Root Suite" timestamp="2023-08-23T19:48:44" tests="0" file="cypress/e2e/Ventes/Clients.cy.js" time="0.000" failures="0">
  </testsuite>
  <testsuite name="Clients" timestamp="2023-08-23T19:48:44" tests="9" time="10.767" failures="0">
    <testcase name="Clients Client registration France 201" time="2.509" classname="Client registration France 201">
    </testcase>
    <testcase name="Clients Client registration without_contact_email" time="0.512" classname="Client registration without_contact_email">
    </testcase>
    <testcase name="Clients Client registration without_contact_city" time="0.488" classname="Client registration without_contact_city">
    </testcase>
    <testcase name="Clients Client registration Clients_TOKEN_NOK" time="0.380" classname="Client registration Clients_TOKEN_NOK">
    </testcase>
    <testcase name="Clients Get_Client " time="2.183" classname="Get_Client ">
    </testcase>
    <testcase name="Clients Get_Client List " time="0.596" classname="Get_Client List ">
    </testcase>
  </testsuite>
</testsuites>