<?xml version="1.0" encoding="UTF-8"?>
<testsuites name="Mocha Tests" time="3.639" tests="1" failures="0">
  <testsuite name="Root Suite" timestamp="2023-08-17T13:11:45" tests="0" file="cypress/e2e/Ventes/Countries.cy.js" time="0.000" failures="0">
  </testsuite>
  <testsuite name="Countries" timestamp="2023-08-17T13:11:45" tests="1" time="3.606" failures="0">
    <testcase name="Countries Get Countries" time="3.205" classname="Get Countries">
    </testcase>
  </testsuite>
</testsuites>