<?xml version="1.0" encoding="UTF-8"?>
<testsuites name="Mocha Tests" time="4.621" tests="1" failures="0">
  <testsuite name="Root Suite" timestamp="2023-08-15T13:58:17" tests="0" file="cypress/e2e/Ventes/TaskManagement.cy.js" time="0.000" failures="0">
  </testsuite>
  <testsuite name="Sales" timestamp="2023-08-15T13:58:17" tests="1" time="4.581" failures="0">
    <testcase name="Sales Get Task Management" time="4.570" classname="Get Task Management">
    </testcase>
  </testsuite>
</testsuites>