<?xml version="1.0" encoding="UTF-8"?>
<testsuites name="Mocha Tests" time="5.716" tests="7" failures="0">
  <testsuite name="Root Suite" timestamp="2023-08-17T14:37:03" tests="0" file="cypress/e2e/Ventes/ValueRange.cy.js" time="0.000" failures="0">
  </testsuite>
  <testsuite name="Countries" timestamp="2023-08-17T14:37:03" tests="7" time="5.685" failures="0">
    <testcase name="Countries Get Value Range Quotes AMOUNT_TTC" time="2.796" classname="Get Value Range Quotes AMOUNT_TTC">
    </testcase>
    <testcase name="Countries Get Value Range INVOICES AMOUNT_TTC" time="0.826" classname="Get Value Range INVOICES AMOUNT_TTC">
    </testcase>
    <testcase name="Countries Get Value Range ARTICLES AMOUNT_TTC" time="0.877" classname="Get Value Range ARTICLES AMOUNT_TTC">
    </testcase>
    <testcase name="Countries Get Value Range CHECKS AMOUNT_TTC" time="0.294" classname="Get Value Range CHECKS AMOUNT_TTC">
    </testcase>
    <testcase name="Countries Get Value Range ARTICLE_FAMILIES ARTICLES_QTY" time="0.292" classname="Get Value Range ARTICLE_FAMILIES ARTICLES_QTY">
    </testcase>
    <testcase name="Countries Get Value Range CLIENT_FAMILIES ARTICLE CLIENTS_QTY" time="0.295" classname="Get Value Range CLIENT_FAMILIES ARTICLE CLIENTS_QTY">
    </testcase>
    <testcase name="Countries Get Value Range RECURRENCES  AMOUNT_TTC" time="0.298" classname="Get Value Range RECURRENCES  AMOUNT_TTC">
    </testcase>
  </testsuite>
</testsuites>