<?xml version="1.0" encoding="UTF-8"?>
<testsuites name="Mocha Tests" time="3.575" tests="1" failures="0">
  <testsuite name="Root Suite" timestamp="2023-08-17T19:29:10" tests="0" file="cypress/e2e/Ventes/Winsis_Settings.cy.js" time="0.000" failures="0">
  </testsuite>
  <testsuite name="Sales" timestamp="2023-08-17T19:29:10" tests="1" time="3.495" failures="0">
    <testcase name="Sales Get Winsis Settings" time="3.446" classname="Get Winsis Settings">
    </testcase>
  </testsuite>
</testsuites>