<?xml version="1.0" encoding="UTF-8"?>
<testsuites name="Mocha Tests" time="2.605" tests="1" failures="1">
  <testsuite name="Root Suite" timestamp="2023-08-17T10:50:32" tests="0" file="cypress/e2e/Achats/InvoicesMetrics.cy.js" time="0.000" failures="0">
  </testsuite>
  <testsuite name="Suppliers" timestamp="2023-08-17T10:50:32" tests="1" time="2.543" failures="1">
    <testcase name="Suppliers Get a current invoices stats" time="0.000" classname="Get a current invoices stats">
      <failure message="expected 404 to equal 200" type="AssertionError"><![CDATA[AssertionError: expected 404 to equal 200
    at Context.eval (webpack://api/./cypress/e2e/Achats/InvoicesMetrics.cy.js:38:35)

      + expected - actual

      -404
      +200
      ]]></failure>
    </testcase>
  </testsuite>
</testsuites>