<?xml version="1.0" encoding="UTF-8"?>
<testsuites name="Mocha Tests" time="7.296" tests="5" failures="0">
  <testsuite name="Root Suite" timestamp="2023-08-17T10:51:46" tests="0" file="cypress/e2e/Achats/Validations.cy.js" time="0.000" failures="0">
  </testsuite>
  <testsuite name="Validations" timestamp="2023-08-17T10:51:46" tests="5" time="7.235" failures="0">
    <testcase name="Validations Invoices Validations Summary" time="2.502" classname="Invoices Validations Summary">
    </testcase>
    <testcase name="Validations Get a list of invoices validations" time="0.880" classname="Get a list of invoices validations">
    </testcase>
    <testcase name="Validations Export validations Excel" time="1.077" classname="Export validations Excel">
    </testcase>
    <testcase name="Validations Export validations CSV COMMA" time="1.032" classname="Export validations CSV COMMA">
    </testcase>
    <testcase name="Validations Export validations CSV SEMICOLON" time="0.949" classname="Export validations CSV SEMICOLON">
    </testcase>
  </testsuite>
</testsuites>