<?xml version="1.0" encoding="UTF-8"?>
<testsuites name="Mocha Tests" time="3.004" tests="2" failures="0">
  <testsuite name="Root Suite" timestamp="2023-08-17T10:46:59" tests="0" file="cypress/e2e/Ventes/DownloadImportModel.cy.js" time="0.000" failures="0">
  </testsuite>
  <testsuite name="download-import-model" timestamp="2023-08-17T10:46:59" tests="2" time="2.951" failures="0">
    <testcase name="download-import-model Get download-import-model CLIENTS" time="2.338" classname="Get download-import-model CLIENTS">
    </testcase>
    <testcase name="download-import-model Get download-import-model ARTICLES" time="0.618" classname="Get download-import-model ARTICLES">
    </testcase>
  </testsuite>
</testsuites>