<?xml version="1.0" encoding="UTF-8"?>
<testsuites name="Mocha Tests" time="18.154" tests="16" failures="0">
  <testsuite name="Root Suite" timestamp="2023-08-17T14:35:57" tests="0" file="cypress/e2e/Achats/Suppliers.cy.js" time="0.000" failures="0">
  </testsuite>
  <testsuite name="Suppliers" timestamp="2023-08-17T14:35:57" tests="5" time="0.000" failures="0">
    <testcase name="Suppliers Get Suppliers " time="2.485" classname="Get Suppliers ">
    </testcase>
    <testcase name="Suppliers Get Export a Supplier " time="0.294" classname="Get Export a Supplier ">
    </testcase>
    <testcase name="Suppliers Post Supplier 201" time="1.315" classname="Post Supplier 201">
    </testcase>
    <testcase name="Suppliers Get a Supplier List" time="0.933" classname="Get a Supplier List">
    </testcase>
    <testcase name="Suppliers Delete Supplier 201" time="1.057" classname="Delete Supplier 201">
    </testcase>
  </testsuite>
  <testsuite name="Rules" timestamp="2023-08-17T14:36:03" tests="9" time="5.236" failures="0">
    <testcase name="Suppliers Rules Post Supplier 400 France" time="0.299" classname="Post Supplier 400 France">
    </testcase>
    <testcase name="Suppliers Rules Post Supplier 201 France" time="1.076" classname="Post Supplier 201 France">
    </testcase>
    <testcase name="Suppliers Rules Get data about the siret" time="0.310" classname="Get data about the siret">
    </testcase>
    <testcase name="Suppliers Rules Post Supplier 201 With contacts" time="1.065" classname="Post Supplier 201 With contacts">
    </testcase>
    <testcase name="Suppliers Rules Post Supplier 201 With paymentInfo" time="1.236" classname="Post Supplier 201 With paymentInfo">
    </testcase>
    <testcase name="Suppliers Rules Post Supplier 403 Invalid Token" time="0.311" classname="Post Supplier 403 Invalid Token">
    </testcase>
    <testcase name="Suppliers Rules Post Supplier 401 Not Authorized" time="0.293" classname="Post Supplier 401 Not Authorized">
    </testcase>
    <testcase name="Suppliers Rules Post Supplier 404 Not Found" time="0.319" classname="Post Supplier 404 Not Found">
    </testcase>
    <testcase name="Suppliers Rules Post Supplier 400 Malformaed" time="0.310" classname="Post Supplier 400 Malformaed">
    </testcase>
  </testsuite>
  <testsuite name="Supplier Notes" timestamp="2023-08-17T14:36:08" tests="1" time="0.000" failures="0">
    <testcase name="Supplier Notes Get Supplier Families List Notes" time="2.319" classname="Get Supplier Families List Notes">
    </testcase>
  </testsuite>
  <testsuite name="OCR" timestamp="2023-08-17T14:36:10" tests="1" time="4.460" failures="0">
    <testcase name="Supplier Notes OCR Get documents references list 404" time="4.438" classname="Get documents references list 404">
    </testcase>
  </testsuite>
</testsuites>