<?xml version="1.0" encoding="UTF-8"?>
<testsuites name="Mocha Tests" time="5.504" tests="5" failures="0">
  <testsuite name="Root Suite" timestamp="2023-08-16T10:00:08" tests="0" file="cypress/e2e/Achats/Validations.cy.js" time="0.000" failures="0">
  </testsuite>
  <testsuite name="Validations" timestamp="2023-08-16T10:00:08" tests="5" time="5.462" failures="0">
    <testcase name="Validations Invoices Validations Summary" time="2.187" classname="Invoices Validations Summary">
    </testcase>
    <testcase name="Validations Get a list of invoices validations" time="0.436" classname="Get a list of invoices validations">
    </testcase>
    <testcase name="Validations Export validations Excel" time="0.942" classname="Export validations Excel">
    </testcase>
    <testcase name="Validations Export validations CSV COMMA" time="0.851" classname="Export validations CSV COMMA">
    </testcase>
    <testcase name="Validations Export validations CSV SEMICOLON" time="0.902" classname="Export validations CSV SEMICOLON">
    </testcase>
  </testsuite>
</testsuites>