<?xml version="1.0" encoding="UTF-8"?>
<testsuites name="Mocha Tests" time="8.266" tests="5" failures="0">
  <testsuite name="Root Suite" timestamp="2023-08-16T18:28:03" tests="0" file="cypress/e2e/Achats/Validations.cy.js" time="0.000" failures="0">
  </testsuite>
  <testsuite name="Validations" timestamp="2023-08-16T18:28:04" tests="5" time="8.189" failures="0">
    <testcase name="Validations Invoices Validations Summary" time="2.478" classname="Invoices Validations Summary">
    </testcase>
    <testcase name="Validations Get a list of invoices validations" time="1.127" classname="Get a list of invoices validations">
    </testcase>
    <testcase name="Validations Export validations Excel" time="1.252" classname="Export validations Excel">
    </testcase>
    <testcase name="Validations Export validations CSV COMMA" time="1.150" classname="Export validations CSV COMMA">
    </testcase>
    <testcase name="Validations Export validations CSV SEMICOLON" time="1.057" classname="Export validations CSV SEMICOLON">
    </testcase>
  </testsuite>
</testsuites>