<?xml version="1.0" encoding="UTF-8"?>
<testsuites name="Mocha Tests" time="18.309" tests="16" failures="0">
  <testsuite name="Root Suite" timestamp="2023-08-15T13:55:21" tests="0" file="cypress/e2e/Achats/Suppliers.cy.js" time="0.000" failures="0">
  </testsuite>
  <testsuite name="Suppliers" timestamp="2023-08-15T13:55:21" tests="5" time="0.000" failures="0">
    <testcase name="Suppliers Get Suppliers " time="2.298" classname="Get Suppliers ">
    </testcase>
    <testcase name="Suppliers Get Export a Supplier " time="0.310" classname="Get Export a Supplier ">
    </testcase>
    <testcase name="Suppliers Post Supplier 201" time="1.009" classname="Post Supplier 201">
    </testcase>
    <testcase name="Suppliers Get a Supplier List" time="0.948" classname="Get a Supplier List">
    </testcase>
    <testcase name="Suppliers Delete Supplier 201" time="0.997" classname="Delete Supplier 201">
    </testcase>
  </testsuite>
  <testsuite name="Rules" timestamp="2023-08-15T13:55:27" tests="9" time="5.836" failures="0">
    <testcase name="Suppliers Rules Post Supplier 400 France" time="0.313" classname="Post Supplier 400 France">
    </testcase>
    <testcase name="Suppliers Rules Post Supplier 201 France" time="1.044" classname="Post Supplier 201 France">
    </testcase>
    <testcase name="Suppliers Rules Get data about the siret" time="0.316" classname="Get data about the siret">
    </testcase>
    <testcase name="Suppliers Rules Post Supplier 201 With contacts" time="1.192" classname="Post Supplier 201 With contacts">
    </testcase>
    <testcase name="Suppliers Rules Post Supplier 201 With paymentInfo" time="1.428" classname="Post Supplier 201 With paymentInfo">
    </testcase>
    <testcase name="Suppliers Rules Post Supplier 403 Invalid Token" time="0.304" classname="Post Supplier 403 Invalid Token">
    </testcase>
    <testcase name="Suppliers Rules Post Supplier 401 Not Authorized" time="0.410" classname="Post Supplier 401 Not Authorized">
    </testcase>
    <testcase name="Suppliers Rules Post Supplier 404 Not Found" time="0.406" classname="Post Supplier 404 Not Found">
    </testcase>
    <testcase name="Suppliers Rules Post Supplier 400 Malformaed" time="0.403" classname="Post Supplier 400 Malformaed">
    </testcase>
  </testsuite>
  <testsuite name="Supplier Notes" timestamp="2023-08-15T13:55:32" tests="1" time="0.000" failures="0">
    <testcase name="Supplier Notes Get Supplier Families List Notes" time="2.363" classname="Get Supplier Families List Notes">
    </testcase>
  </testsuite>
  <testsuite name="OCR" timestamp="2023-08-15T13:55:35" tests="1" time="4.520" failures="0">
    <testcase name="Supplier Notes OCR Get documents references list 404" time="4.496" classname="Get documents references list 404">
    </testcase>
  </testsuite>
</testsuites>