<?xml version="1.0" encoding="UTF-8"?>
<testsuites name="Mocha Tests" time="105.457" tests="9" failures="3">
  <testsuite name="Root Suite" timestamp="2023-08-15T13:56:02" tests="0" file="cypress/e2e/Ventes/Clients.cy.js" time="0.000" failures="0">
  </testsuite>
  <testsuite name="Clients" timestamp="2023-08-15T13:56:02" tests="9" time="105.423" failures="3">
    <testcase name="Clients Get_ExportClients_Excel Separtor COMMA 200" time="0.000" classname="Get_ExportClients_Excel Separtor COMMA 200">
      <failure message="`cy.request()` timed out waiting `30000ms` for a response from your server.

The request we sent was:

Method: GET
URL: https://recette-int-qa.facilia.com/companies/2/clients/export?companyId=2&amp;exportFile%5Btype%5D=CSV&amp;exportFile%5Bseparator%5D=COMMA

No response was received within the timeout.

https://on.cypress.io/request" type="CypressError"><![CDATA[CypressError: `cy.request()` timed out waiting `30000ms` for a response from your server.

The request we sent was:

Method: GET
URL: https://recette-int-qa.facilia.com/companies/2/clients/export?companyId=2&exportFile%5Btype%5D=CSV&exportFile%5Bseparator%5D=COMMA

No response was received within the timeout.

https://on.cypress.io/request
    at <unknown> (http://localhost:46629/__cypress/runner/cypress_runner.js:149368:78)
    at tryCatcher (http://localhost:46629/__cypress/runner/cypress_runner.js:18744:23)
    at <unknown> (http://localhost:46629/__cypress/runner/cypress_runner.js:13866:41)
    at tryCatcher (http://localhost:46629/__cypress/runner/cypress_runner.js:18744:23)
    at Promise._settlePromiseFromHandler (http://localhost:46629/__cypress/runner/cypress_runner.js:16679:31)
    at Promise._settlePromise (http://localhost:46629/__cypress/runner/cypress_runner.js:16736:18)
    at Promise._settlePromise0 (http://localhost:46629/__cypress/runner/cypress_runner.js:16781:10)
    at Promise._settlePromises (http://localhost:46629/__cypress/runner/cypress_runner.js:16857:18)
    at _drainQueueStep (http://localhost:46629/__cypress/runner/cypress_runner.js:13451:12)
    at _drainQueue (http://localhost:46629/__cypress/runner/cypress_runner.js:13444:9)
    at ../../node_modules/bluebird/js/release/async.js.Async._drainQueues (http://localhost:46629/__cypress/runner/cypress_runner.js:13460:5)
    at Async.drainQueues (http://localhost:46629/__cypress/runner/cypress_runner.js:13330:14)
From Your Spec Code:
    at Context.ee (webpack:///./node_modules/cypress-plugin-api/dist/support.js:14:2002)]]></failure>
    </testcase>
    <testcase name="Clients Get_ExportClients_Excel 200" time="0.000" classname="Get_ExportClients_Excel 200">
      <failure message="`cy.request()` timed out waiting `30000ms` for a response from your server.

The request we sent was:

Method: GET
URL: https://recette-int-qa.facilia.com/companies/2/clients/export?companyId=2&amp;exportFile%5Btype%5D=EXCEL

No response was received within the timeout.

https://on.cypress.io/request" type="CypressError"><![CDATA[CypressError: `cy.request()` timed out waiting `30000ms` for a response from your server.

The request we sent was:

Method: GET
URL: https://recette-int-qa.facilia.com/companies/2/clients/export?companyId=2&exportFile%5Btype%5D=EXCEL

No response was received within the timeout.

https://on.cypress.io/request
    at <unknown> (http://localhost:46629/__cypress/runner/cypress_runner.js:149368:78)
    at tryCatcher (http://localhost:46629/__cypress/runner/cypress_runner.js:18744:23)
    at <unknown> (http://localhost:46629/__cypress/runner/cypress_runner.js:13866:41)
    at tryCatcher (http://localhost:46629/__cypress/runner/cypress_runner.js:18744:23)
    at Promise._settlePromiseFromHandler (http://localhost:46629/__cypress/runner/cypress_runner.js:16679:31)
    at Promise._settlePromise (http://localhost:46629/__cypress/runner/cypress_runner.js:16736:18)
    at Promise._settlePromise0 (http://localhost:46629/__cypress/runner/cypress_runner.js:16781:10)
    at Promise._settlePromises (http://localhost:46629/__cypress/runner/cypress_runner.js:16857:18)
    at _drainQueueStep (http://localhost:46629/__cypress/runner/cypress_runner.js:13451:12)
    at _drainQueue (http://localhost:46629/__cypress/runner/cypress_runner.js:13444:9)
    at ../../node_modules/bluebird/js/release/async.js.Async._drainQueues (http://localhost:46629/__cypress/runner/cypress_runner.js:13460:5)
    at Async.drainQueues (http://localhost:46629/__cypress/runner/cypress_runner.js:13330:14)
From Your Spec Code:
    at Context.ee (webpack:///./node_modules/cypress-plugin-api/dist/support.js:14:2002)]]></failure>
    </testcase>
    <testcase name="Clients Get_ExportClients_Excel exportFile 403" time="0.000" classname="Get_ExportClients_Excel exportFile 403">
      <failure message="`cy.request()` timed out waiting `30000ms` for a response from your server.

The request we sent was:

Method: GET
URL: https://recette-int-qa.facilia.com/companies/2/clients/export?companyId=2&amp;exportFile%5Btype%5D=CSV&amp;exportFile%5Bseparator%5D=

No response was received within the timeout.

https://on.cypress.io/request" type="CypressError"><![CDATA[CypressError: `cy.request()` timed out waiting `30000ms` for a response from your server.

The request we sent was:

Method: GET
URL: https://recette-int-qa.facilia.com/companies/2/clients/export?companyId=2&exportFile%5Btype%5D=CSV&exportFile%5Bseparator%5D=

No response was received within the timeout.

https://on.cypress.io/request
    at <unknown> (http://localhost:46629/__cypress/runner/cypress_runner.js:149368:78)
    at tryCatcher (http://localhost:46629/__cypress/runner/cypress_runner.js:18744:23)
    at <unknown> (http://localhost:46629/__cypress/runner/cypress_runner.js:13866:41)
    at tryCatcher (http://localhost:46629/__cypress/runner/cypress_runner.js:18744:23)
    at Promise._settlePromiseFromHandler (http://localhost:46629/__cypress/runner/cypress_runner.js:16679:31)
    at Promise._settlePromise (http://localhost:46629/__cypress/runner/cypress_runner.js:16736:18)
    at Promise._settlePromise0 (http://localhost:46629/__cypress/runner/cypress_runner.js:16781:10)
    at Promise._settlePromises (http://localhost:46629/__cypress/runner/cypress_runner.js:16857:18)
    at _drainQueueStep (http://localhost:46629/__cypress/runner/cypress_runner.js:13451:12)
    at _drainQueue (http://localhost:46629/__cypress/runner/cypress_runner.js:13444:9)
    at ../../node_modules/bluebird/js/release/async.js.Async._drainQueues (http://localhost:46629/__cypress/runner/cypress_runner.js:13460:5)
    at Async.drainQueues (http://localhost:46629/__cypress/runner/cypress_runner.js:13330:14)
From Your Spec Code:
    at Context.ee (webpack:///./node_modules/cypress-plugin-api/dist/support.js:14:2002)]]></failure>
    </testcase>
    <testcase name="Clients Client registration France 201" time="4.724" classname="Client registration France 201">
    </testcase>
    <testcase name="Clients Client registration without_contact_email" time="0.818" classname="Client registration without_contact_email">
    </testcase>
    <testcase name="Clients Client registration without_contact_city" time="0.856" classname="Client registration without_contact_city">
    </testcase>
    <testcase name="Clients Client registration Clients_TOKEN_NOK" time="0.909" classname="Client registration Clients_TOKEN_NOK">
    </testcase>
    <testcase name="Clients Get_Client " time="3.239" classname="Get_Client ">
    </testcase>
    <testcase name="Clients Get_Client List " time="1.081" classname="Get_Client List ">
    </testcase>
  </testsuite>
</testsuites>