<?xml version="1.0" encoding="UTF-8"?>
<testsuites name="Mocha Tests" time="21.043" tests="16" failures="0">
  <testsuite name="Root Suite" timestamp="2023-08-16T18:27:15" tests="0" file="cypress/e2e/Achats/Suppliers.cy.js" time="0.000" failures="0">
  </testsuite>
  <testsuite name="Suppliers" timestamp="2023-08-16T18:27:15" tests="5" time="0.000" failures="0">
    <testcase name="Suppliers Get Suppliers " time="2.561" classname="Get Suppliers ">
    </testcase>
    <testcase name="Suppliers Get Export a Supplier " time="0.422" classname="Get Export a Supplier ">
    </testcase>
    <testcase name="Suppliers Post Supplier 201" time="1.234" classname="Post Supplier 201">
    </testcase>
    <testcase name="Suppliers Get a Supplier List" time="1.185" classname="Get a Supplier List">
    </testcase>
    <testcase name="Suppliers Delete Supplier 201" time="1.013" classname="Delete Supplier 201">
    </testcase>
  </testsuite>
  <testsuite name="Rules" timestamp="2023-08-16T18:27:22" tests="9" time="6.870" failures="0">
    <testcase name="Suppliers Rules Post Supplier 400 France" time="0.388" classname="Post Supplier 400 France">
    </testcase>
    <testcase name="Suppliers Rules Post Supplier 201 France" time="1.106" classname="Post Supplier 201 France">
    </testcase>
    <testcase name="Suppliers Rules Get data about the siret" time="0.455" classname="Get data about the siret">
    </testcase>
    <testcase name="Suppliers Rules Post Supplier 201 With contacts" time="1.229" classname="Post Supplier 201 With contacts">
    </testcase>
    <testcase name="Suppliers Rules Post Supplier 201 With paymentInfo" time="1.553" classname="Post Supplier 201 With paymentInfo">
    </testcase>
    <testcase name="Suppliers Rules Post Supplier 403 Invalid Token" time="0.458" classname="Post Supplier 403 Invalid Token">
    </testcase>
    <testcase name="Suppliers Rules Post Supplier 401 Not Authorized" time="0.490" classname="Post Supplier 401 Not Authorized">
    </testcase>
    <testcase name="Suppliers Rules Post Supplier 404 Not Found" time="0.487" classname="Post Supplier 404 Not Found">
    </testcase>
    <testcase name="Suppliers Rules Post Supplier 400 Malformaed" time="0.398" classname="Post Supplier 400 Malformaed">
    </testcase>
  </testsuite>
  <testsuite name="Supplier Notes" timestamp="2023-08-16T18:27:29" tests="1" time="0.000" failures="0">
    <testcase name="Supplier Notes Get Supplier Families List Notes" time="2.557" classname="Get Supplier Families List Notes">
    </testcase>
  </testsuite>
  <testsuite name="OCR" timestamp="2023-08-16T18:27:31" tests="1" time="4.985" failures="0">
    <testcase name="Supplier Notes OCR Get documents references list 404" time="5.007" classname="Get documents references list 404">
    </testcase>
  </testsuite>
</testsuites>